03, 23, 2016 (11:54:51): Opening rpy file C:\Documents and Settings\trottke1\My Documents\Rhapsody\Share\Properties\PredefinedTypes.sbs
03, 23, 2016 (11:54:51): 
 Started loading C:\Documents and Settings\trottke1\My Documents\Rhapsody\Share\Properties\PredefinedTypes.sbs on Wednesday, March 23, 2016 (11:54:51).-

03, 23, 2016 (11:54:51): 

Starting inUnit resolution phase


03, 23, 2016 (11:54:51): 

Finished inUnit resolution phase


03, 23, 2016 (11:54:51): 
 Finished loading C:\Documents and Settings\trottke1\My Documents\Rhapsody\Share\Properties\PredefinedTypes.sbs on Wednesday, March 23, 2016 (11:54:51).-

03, 23, 2016 (11:54:51): Opening rpy file C:\Documents and Settings\trottke1\My Documents\Rhapsody\Share\Properties\PredefinedTypesC++.sbs
03, 23, 2016 (11:54:51): 
 Started loading C:\Documents and Settings\trottke1\My Documents\Rhapsody\Share\Properties\PredefinedTypesC++.sbs on Wednesday, March 23, 2016 (11:54:51).-

03, 23, 2016 (11:54:51): 

Starting inUnit resolution phase


03, 23, 2016 (11:54:51): 

Finished inUnit resolution phase


03, 23, 2016 (11:54:51): 
 Finished loading C:\Documents and Settings\trottke1\My Documents\Rhapsody\Share\Properties\PredefinedTypesC++.sbs on Wednesday, March 23, 2016 (11:54:51).-

03, 23, 2016 (11:54:51): Opening rpy file H:\git\RiceAlgorithmGPGPU\Rhapsody\RiceGPU\RiceGPU.rpy
03, 23, 2016 (11:54:52): 
 Started loading H:\git\RiceAlgorithmGPGPU\Rhapsody\RiceGPU\RiceGPU.rpy on Wednesday, March 23, 2016 (11:54:52).-

03, 23, 2016 (11:54:52): Opening rpy file H:\git\RiceAlgorithmGPGPU\Rhapsody\RiceGPU\RiceGPU_rpy\Default.sbs
03, 23, 2016 (11:54:52): 
 Started loading H:\git\RiceAlgorithmGPGPU\Rhapsody\RiceGPU\RiceGPU_rpy\Default.sbs on Wednesday, March 23, 2016 (11:54:52).-

03, 23, 2016 (11:54:52): 

Starting inUnit resolution phase


03, 23, 2016 (11:54:52): 

Finished inUnit resolution phase


03, 23, 2016 (11:54:52): 
 Finished loading H:\git\RiceAlgorithmGPGPU\Rhapsody\RiceGPU\RiceGPU_rpy\Default.sbs on Wednesday, March 23, 2016 (11:54:52).-

03, 23, 2016 (11:54:52): Opening rpy file H:\git\RiceAlgorithmGPGPU\Rhapsody\RiceGPU\RiceGPU_rpy\Preprocessors.sbs
03, 23, 2016 (11:54:52): 
 Started loading H:\git\RiceAlgorithmGPGPU\Rhapsody\RiceGPU\RiceGPU_rpy\Preprocessors.sbs on Wednesday, March 23, 2016 (11:54:52).-

03, 23, 2016 (11:54:52): 

Starting inUnit resolution phase


03, 23, 2016 (11:54:52): 

Finished inUnit resolution phase


03, 23, 2016 (11:54:52): 
 Finished loading H:\git\RiceAlgorithmGPGPU\Rhapsody\RiceGPU\RiceGPU_rpy\Preprocessors.sbs on Wednesday, March 23, 2016 (11:54:52).-

03, 23, 2016 (11:54:52): Opening rpy file H:\git\RiceAlgorithmGPGPU\Rhapsody\RiceGPU\RiceGPU_rpy\SensorKernel.sbs
03, 23, 2016 (11:54:52): 
 Started loading H:\git\RiceAlgorithmGPGPU\Rhapsody\RiceGPU\RiceGPU_rpy\SensorKernel.sbs on Wednesday, March 23, 2016 (11:54:52).-

03, 23, 2016 (11:54:52): 

Starting inUnit resolution phase


03, 23, 2016 (11:54:52): 

Finished inUnit resolution phase


03, 23, 2016 (11:54:52): 
 Finished loading H:\git\RiceAlgorithmGPGPU\Rhapsody\RiceGPU\RiceGPU_rpy\SensorKernel.sbs on Wednesday, March 23, 2016 (11:54:52).-

03, 23, 2016 (11:54:52): Opening rpy file H:\git\RiceAlgorithmGPGPU\Rhapsody\RiceGPU\RiceGPU_rpy\Persistence.sbs
03, 23, 2016 (11:54:52): 
 Started loading H:\git\RiceAlgorithmGPGPU\Rhapsody\RiceGPU\RiceGPU_rpy\Persistence.sbs on Wednesday, March 23, 2016 (11:54:52).-

03, 23, 2016 (11:54:52): 

Starting inUnit resolution phase


03, 23, 2016 (11:54:52): 

Finished inUnit resolution phase


03, 23, 2016 (11:54:52): 
 Finished loading H:\git\RiceAlgorithmGPGPU\Rhapsody\RiceGPU\RiceGPU_rpy\Persistence.sbs on Wednesday, March 23, 2016 (11:54:52).-

03, 23, 2016 (11:54:52): Opening rpy file H:\git\RiceAlgorithmGPGPU\Rhapsody\RiceGPU\RiceGPU_rpy\DefaultComponent.cmp
03, 23, 2016 (11:54:53): 
 Started loading H:\git\RiceAlgorithmGPGPU\Rhapsody\RiceGPU\RiceGPU_rpy\DefaultComponent.cmp on Wednesday, March 23, 2016 (11:54:53).-

03, 23, 2016 (11:54:53): 

Starting inUnit resolution phase


03, 23, 2016 (11:54:53): 

Finished inUnit resolution phase


03, 23, 2016 (11:54:53): 
 Finished loading H:\git\RiceAlgorithmGPGPU\Rhapsody\RiceGPU\RiceGPU_rpy\DefaultComponent.cmp on Wednesday, March 23, 2016 (11:54:53).-

03, 23, 2016 (11:54:53): 

Starting inUnit resolution phase


03, 23, 2016 (11:54:53): 

Finished inUnit resolution phase


03, 23, 2016 (11:54:53): 

Starting inUnit resolution phase


03, 23, 2016 (11:54:53): 

Finished inUnit resolution phase


03, 23, 2016 (11:54:53): 

Starting inUnit resolution phase


03, 23, 2016 (11:54:53): 

Finished inUnit resolution phase


03, 23, 2016 (11:54:53): 
 Finished loading H:\git\RiceAlgorithmGPGPU\Rhapsody\RiceGPU\RiceGPU.rpy on Wednesday, March 23, 2016 (11:54:53).-

03, 23, 2016 (11:54:53): Starting checks of EventsBaseID conflicts
03, 23, 2016 (11:54:53): Finished checks of EventsBaseID conflicts
03, 23, 2016 (11:54:53): End Log
