03, 17, 2016 (13:58:01): Starting Pre-Save actions

03, 17, 2016 (13:58:01): Starting Dialogs Check/Save
03, 17, 2016 (13:58:01): Finished Dialogs Check/Save
03, 17, 2016 (13:58:01): Starting Controlled Files Resolution
03, 17, 2016 (13:58:01): Finished Controlled Files Resolution
03, 17, 2016 (13:58:01): Finished Pre-Save actions

03, 17, 2016 (13:58:01): Creating H:\git\RiceAlgorithmGPGPU\Rhapsody\RiceGPU\RiceGPU.rpy
03, 17, 2016 (13:58:01): 
Started writing H:\git\RiceAlgorithmGPGPU\Rhapsody\RiceGPU\RiceGPU.rpy on Thursday, March 17, 2016 (13:58:01)

03, 17, 2016 (13:58:01): version 8.5.2
03, 17, 2016 (13:58:01): 
Started writing H:\git\RiceAlgorithmGPGPU\Rhapsody\RiceGPU\RiceGPU_rpy\filesTable.dat on Thursday, March 17, 2016 (13:58:01)

03, 17, 2016 (13:58:01): Finished writing H:\git\RiceAlgorithmGPGPU\Rhapsody\RiceGPU\RiceGPU_rpy\filesTable.dat on Thursday, March 17, 2016 (13:58:01)

03, 17, 2016 (13:58:01): Creating H:\git\RiceAlgorithmGPGPU\Rhapsody\RiceGPU\RiceGPU_rpy\Default.sbs
03, 17, 2016 (13:58:01): 
Started writing H:\git\RiceAlgorithmGPGPU\Rhapsody\RiceGPU\RiceGPU_rpy\Default.sbs on Thursday, March 17, 2016 (13:58:01)

03, 17, 2016 (13:58:01): version 8.5.2
03, 17, 2016 (13:58:03): Finished writing H:\git\RiceAlgorithmGPGPU\Rhapsody\RiceGPU\RiceGPU_rpy\Default.sbs on Thursday, March 17, 2016 (13:58:03)

03, 17, 2016 (13:58:03): Finished writing H:\git\RiceAlgorithmGPGPU\Rhapsody\RiceGPU\RiceGPU.rpy on Thursday, March 17, 2016 (13:58:03)

03, 17, 2016 (13:58:03): End Log
