03, 17, 2016 (13:41:51): Starting Pre-Save actions

03, 17, 2016 (13:41:51): Starting Dialogs Check/Save
03, 17, 2016 (13:41:51): Finished Dialogs Check/Save
03, 17, 2016 (13:41:51): Starting Controlled Files Resolution
03, 17, 2016 (13:41:51): Finished Controlled Files Resolution
03, 17, 2016 (13:41:51): Finished Pre-Save actions

03, 17, 2016 (13:41:52): Creating H:\git\RiceAlgorithmGPGPU\Rhapsody\RiceGPU.rpy
03, 17, 2016 (13:41:52): 
Started writing H:\git\RiceAlgorithmGPGPU\Rhapsody\RiceGPU.rpy on Thursday, March 17, 2016 (13:41:52)

03, 17, 2016 (13:41:52): version 8.5.2
03, 17, 2016 (13:41:52): 
Started writing H:\git\RiceAlgorithmGPGPU\Rhapsody\RiceGPU_rpy\filesTable.dat on Thursday, March 17, 2016 (13:41:52)

03, 17, 2016 (13:41:53): Finished writing H:\git\RiceAlgorithmGPGPU\Rhapsody\RiceGPU_rpy\filesTable.dat on Thursday, March 17, 2016 (13:41:53)

03, 17, 2016 (13:41:53): Creating H:\git\RiceAlgorithmGPGPU\Rhapsody\RiceGPU_rpy\Default.sbs
03, 17, 2016 (13:41:53): 
Started writing H:\git\RiceAlgorithmGPGPU\Rhapsody\RiceGPU_rpy\Default.sbs on Thursday, March 17, 2016 (13:41:53)

03, 17, 2016 (13:41:53): version 8.5.2
03, 17, 2016 (13:41:59): Finished writing H:\git\RiceAlgorithmGPGPU\Rhapsody\RiceGPU_rpy\Default.sbs on Thursday, March 17, 2016 (13:41:59)

03, 17, 2016 (13:41:59): Creating H:\git\RiceAlgorithmGPGPU\Rhapsody\RiceGPU_rpy\DefaultComponent.cmp
03, 17, 2016 (13:41:59): 
Started writing H:\git\RiceAlgorithmGPGPU\Rhapsody\RiceGPU_rpy\DefaultComponent.cmp on Thursday, March 17, 2016 (13:41:59)

03, 17, 2016 (13:41:59): version 8.5.2
03, 17, 2016 (13:41:59): Finished writing H:\git\RiceAlgorithmGPGPU\Rhapsody\RiceGPU_rpy\DefaultComponent.cmp on Thursday, March 17, 2016 (13:41:59)

03, 17, 2016 (13:41:59): Finished writing H:\git\RiceAlgorithmGPGPU\Rhapsody\RiceGPU.rpy on Thursday, March 17, 2016 (13:41:59)

03, 17, 2016 (13:41:59): End Log
